  Player.cpp
D:\Documents\project\GameProject\GameProject\Player.cpp(11,15): warning C4305: =: усечение из "double" в "float"
D:\Documents\project\GameProject\GameProject\Player.cpp(28,11): warning C4244: =: преобразование "double" в "float", возможна потеря данных
D:\Documents\project\GameProject\GameProject\Player.cpp(42,13): warning C4244: инициализация: преобразование "T" в "int", возможна потеря данных
D:\Documents\project\GameProject\GameProject\Player.cpp(42,13): warning C4244:         with
D:\Documents\project\GameProject\GameProject\Player.cpp(42,13): warning C4244:         [
D:\Documents\project\GameProject\GameProject\Player.cpp(42,13): warning C4244:             T=float
D:\Documents\project\GameProject\GameProject\Player.cpp(42,13): warning C4244:         ]
D:\Documents\project\GameProject\GameProject\Player.cpp(43,14): warning C4244: инициализация: преобразование "T" в "int", возможна потеря данных
D:\Documents\project\GameProject\GameProject\Player.cpp(43,14): warning C4244:         with
D:\Documents\project\GameProject\GameProject\Player.cpp(43,14): warning C4244:         [
D:\Documents\project\GameProject\GameProject\Player.cpp(43,14): warning C4244:             T=float
D:\Documents\project\GameProject\GameProject\Player.cpp(43,14): warning C4244:         ]
D:\Documents\project\GameProject\GameProject\Player.cpp(54,25): warning C4244: =: преобразование "int" в "T", возможна потеря данных
D:\Documents\project\GameProject\GameProject\Player.cpp(54,25): warning C4244:         with
D:\Documents\project\GameProject\GameProject\Player.cpp(54,25): warning C4244:         [
D:\Documents\project\GameProject\GameProject\Player.cpp(54,25): warning C4244:             T=float
D:\Documents\project\GameProject\GameProject\Player.cpp(54,25): warning C4244:         ]
D:\Documents\project\GameProject\GameProject\Player.cpp(65,24): warning C4244: =: преобразование "int" в "T", возможна потеря данных
D:\Documents\project\GameProject\GameProject\Player.cpp(65,24): warning C4244:         with
D:\Documents\project\GameProject\GameProject\Player.cpp(65,24): warning C4244:         [
D:\Documents\project\GameProject\GameProject\Player.cpp(65,24): warning C4244:             T=float
D:\Documents\project\GameProject\GameProject\Player.cpp(65,24): warning C4244:         ]
  GameProject.vcxproj -> D:\Documents\project\GameProject\x64\Debug\GameProject.exe
